Using pre-set license
Built from '2020.3/staging' branch; Version is '2020.3.19f1 (68f137dc9bbe) revision 6877495'; Using compiler version '192528614'; Build Type 'Release'
OS: 'Windows 10 Home; OS build 19044.1706; Version 2009; 64bit' Language: 'en' Physical Memory: 16199 MB
BatchMode: 1, IsHumanControllingUs: 0, StartBugReporterOnCrash: 0, Is64bit: 1, IsPro: 0

COMMAND LINE ARGUMENTS:
C:\Program Files\Unity\Hub\Editor\2020.3.19f1\Editor\Unity.exe
-adb2
-batchMode
-noUpm
-name
AssetImportWorker0
-projectPath
C:/Users/kimen/OneDrive/Bewijzenmap/Periode 1.3/BO/Plex
-logFile
Logs/AssetImportWorker0.log
-srvPort
56033
Successfully changed project path to: C:/Users/kimen/OneDrive/Bewijzenmap/Periode 1.3/BO/Plex
C:/Users/kimen/OneDrive/Bewijzenmap/Periode 1.3/BO/Plex
Using Asset Import Pipeline V2.
Refreshing native plugins compatible for Editor in 36.97 ms, found 3 plugins.
Preloading 0 native plugins for Editor in 0.00 ms.
Initialize engine version: 2020.3.19f1 (68f137dc9bbe)
[Subsystems] Discovering subsystems at path C:/Program Files/Unity/Hub/Editor/2020.3.19f1/Editor/Data/Resources/UnitySubsystems
[Subsystems] Discovering subsystems at path C:/Users/kimen/OneDrive/Bewijzenmap/Periode 1.3/BO/Plex/Assets
GfxDevice: creating device client; threaded=0
Direct3D:
    Version:  Direct3D 11.0 [level 11.1]
    Renderer: NVIDIA GeForce RTX 3060 Laptop GPU (ID=0x2520)
    Vendor:   
    VRAM:     6023 MB
    Driver:   30.0.14.7288
Initialize mono
Mono path[0] = 'C:/Program Files/Unity/Hub/Editor/2020.3.19f1/Editor/Data/Managed'
Mono path[1] = 'C:/Program Files/Unity/Hub/Editor/2020.3.19f1/Editor/Data/MonoBleedingEdge/lib/mono/unityjit'
Mono config path = 'C:/Program Files/Unity/Hub/Editor/2020.3.19f1/Editor/Data/MonoBleedingEdge/etc'
Using monoOptions --debugger-agent=transport=dt_socket,embedding=1,server=y,suspend=n,address=127.0.0.1:56108
Begin MonoManager ReloadAssembly
Registering precompiled unity dll's ...
Register platform support module: C:/Program Files/Unity/Hub/Editor/2020.3.19f1/Editor/Data/PlaybackEngines/WindowsStandaloneSupport/UnityEditor.WindowsStandalone.Extensions.dll
Registered in 0.001893 seconds.
Native extension for WindowsStandalone target not found
Refreshing native plugins compatible for Editor in 33.89 ms, found 3 plugins.
Preloading 0 native plugins for Editor in 0.00 ms.
Mono: successfully reloaded assembly
- Completed reload, in  0.939 seconds
Domain Reload Profiling:
	ReloadAssembly (939ms)
		BeginReloadAssembly (51ms)
			ExecutionOrderSort (0ms)
			DisableScriptedObjects (0ms)
			BackupInstance (0ms)
			ReleaseScriptingObjects (0ms)
			CreateAndSetChildDomain (1ms)
		EndReloadAssembly (341ms)
			LoadAssemblies (48ms)
			RebuildTransferFunctionScriptingTraits (0ms)
			SetupTypeCache (119ms)
			ReleaseScriptCaches (0ms)
			RebuildScriptCaches (26ms)
			SetupLoadedEditorAssemblies (136ms)
				LogAssemblyErrors (0ms)
				InitializePlatformSupportModulesInManaged (3ms)
				SetLoadedEditorAssemblies (0ms)
				RefreshPlugins (34ms)
				BeforeProcessingInitializeOnLoad (11ms)
				ProcessInitializeOnLoadAttributes (64ms)
				ProcessInitializeOnLoadMethodAttributes (23ms)
				AfterProcessingInitializeOnLoad (0ms)
				EditorAssembliesLoaded (0ms)
			ExecutionOrderSort2 (0ms)
			AwakeInstancesAfterBackupRestoration (0ms)
Platform modules already initialized, skipping
Registering precompiled user dll's ...
Registered in 0.003452 seconds.
Begin MonoManager ReloadAssembly
Native extension for WindowsStandalone target not found
Refreshing native plugins compatible for Editor in 33.01 ms, found 3 plugins.
Preloading 0 native plugins for Editor in 0.00 ms.
Mono: successfully reloaded assembly
- Completed reload, in  0.900 seconds
Domain Reload Profiling:
	ReloadAssembly (901ms)
		BeginReloadAssembly (128ms)
			ExecutionOrderSort (0ms)
			DisableScriptedObjects (4ms)
			BackupInstance (0ms)
			ReleaseScriptingObjects (0ms)
			CreateAndSetChildDomain (14ms)
		EndReloadAssembly (721ms)
			LoadAssemblies (79ms)
			RebuildTransferFunctionScriptingTraits (0ms)
			SetupTypeCache (228ms)
			ReleaseScriptCaches (0ms)
			RebuildScriptCaches (38ms)
			SetupLoadedEditorAssemblies (276ms)
				LogAssemblyErrors (0ms)
				InitializePlatformSupportModulesInManaged (3ms)
				SetLoadedEditorAssemblies (0ms)
				RefreshPlugins (33ms)
				BeforeProcessingInitializeOnLoad (65ms)
				ProcessInitializeOnLoadAttributes (158ms)
				ProcessInitializeOnLoadMethodAttributes (10ms)
				AfterProcessingInitializeOnLoad (7ms)
				EditorAssembliesLoaded (0ms)
			ExecutionOrderSort2 (0ms)
			AwakeInstancesAfterBackupRestoration (5ms)
Platform modules already initialized, skipping
========================================================================
Worker process is ready to serve import requests
Launched and connected shader compiler UnityShaderCompiler.exe after 0.04 seconds
Refreshing native plugins compatible for Editor in 0.43 ms, found 3 plugins.
Preloading 0 native plugins for Editor in 0.00 ms.
Unloading 2091 Unused Serialized files (Serialized files now loaded: 0)
System memory in use before: 93.0 MB.
System memory in use after: 93.1 MB.

Unloading 26 unused Assets to reduce memory usage. Loaded Objects now: 2530.
Total: 2.529100 ms (FindLiveObjects: 0.161200 ms CreateObjectMapping: 0.072900 ms MarkObjects: 2.245700 ms  DeleteObjects: 0.048600 ms)

AssetImportParameters requested are different than current active one (requested -> active):
  custom:framework-win-MediaFoundation: 216162199b28c13a410421893ffa2e32 -> 
  custom:video-decoder-ogg-theora: a1e56fd34408186e4bbccfd4996cb3dc -> 
  custom:container-muxer-webm: aa71ff27fc2769a1b78a27578f13a17b -> 
  custom:container-demuxer-webm: 4f35f7cbe854078d1ac9338744f61a02 -> 
  custom:container-demuxer-ogg: 62fdf1f143b41e24485cea50d1cbac27 -> 
  custom:video-encoder-webm-vp8: eb34c28f22e8b96e1ab97ce403110664 -> 
  custom:video-decoder-webm-vp8: 9c59270c3fd7afecdb556c50c9e8de78 -> 
  custom:audio-decoder-ogg-vorbis: bf7c407c2cedff20999df2af8eb42d56 -> 
  custom:audio-encoder-webm-vorbis: bf7c407c2cedff20999df2af8eb42d56 -> 
========================================================================
Received Import Request.
  path: Assets
  artifactKey: Guid(00000000000000001000000000000000) Importer(815301076,1909f56bfc062723c751e8b465ee728b)
Start importing Assets using Guid(00000000000000001000000000000000) Importer(815301076,1909f56bfc062723c751e8b465ee728b)  -> (artifact id: '42d402b061de3733987d63b9cc3b64de') in 0.007727 seconds 
  Import took 0.010559 seconds .

========================================================================
Received Import Request.
  Time since last request: 7.987730 seconds.
  path: Assets/Scripts
  artifactKey: Guid(843c79e87a86e294c93e8493b162b9e8) Importer(815301076,1909f56bfc062723c751e8b465ee728b)
Start importing Assets/Scripts using Guid(843c79e87a86e294c93e8493b162b9e8) Importer(815301076,1909f56bfc062723c751e8b465ee728b)  -> (artifact id: '6d625107b6b90898f8fcd5883c2d0be7') in 0.008263 seconds 
  Import took 0.012164 seconds .

========================================================================
Received Import Request.
  Time since last request: 8.259910 seconds.
  path: Assets/Scripts/Movement.cs
  artifactKey: Guid(3ba9fd020afebce4daa381ada3efe813) Importer(815301076,1909f56bfc062723c751e8b465ee728b)
Start importing Assets/Scripts/Movement.cs using Guid(3ba9fd020afebce4daa381ada3efe813) Importer(815301076,1909f56bfc062723c751e8b465ee728b)  -> (artifact id: 'ea8e831c21498808fd6187c18ec923a0') in 0.025738 seconds 
  Import took 0.028796 seconds .

========================================================================
Received Prepare
Registering precompiled user dll's ...
Registered in 0.002750 seconds.
Begin MonoManager ReloadAssembly
Native extension for WindowsStandalone target not found
Refreshing native plugins compatible for Editor in 0.35 ms, found 3 plugins.
Preloading 0 native plugins for Editor in 0.00 ms.
Mono: successfully reloaded assembly
- Completed reload, in  0.853 seconds
Domain Reload Profiling:
	ReloadAssembly (854ms)
		BeginReloadAssembly (116ms)
			ExecutionOrderSort (0ms)
			DisableScriptedObjects (7ms)
			BackupInstance (0ms)
			ReleaseScriptingObjects (0ms)
			CreateAndSetChildDomain (37ms)
		EndReloadAssembly (683ms)
			LoadAssemblies (87ms)
			RebuildTransferFunctionScriptingTraits (0ms)
			SetupTypeCache (230ms)
			ReleaseScriptCaches (1ms)
			RebuildScriptCaches (36ms)
			SetupLoadedEditorAssemblies (251ms)
				LogAssemblyErrors (0ms)
				InitializePlatformSupportModulesInManaged (4ms)
				SetLoadedEditorAssemblies (0ms)
				RefreshPlugins (0ms)
				BeforeProcessingInitializeOnLoad (69ms)
				ProcessInitializeOnLoadAttributes (164ms)
				ProcessInitializeOnLoadMethodAttributes (5ms)
				AfterProcessingInitializeOnLoad (8ms)
				EditorAssembliesLoaded (0ms)
			ExecutionOrderSort2 (0ms)
			AwakeInstancesAfterBackupRestoration (10ms)
Platform modules already initialized, skipping
Refreshing native plugins compatible for Editor in 0.37 ms, found 3 plugins.
Preloading 0 native plugins for Editor in 0.00 ms.
Unloading 2082 Unused Serialized files (Serialized files now loaded: 0)
System memory in use before: 92.5 MB.
System memory in use after: 92.6 MB.

Unloading 14 unused Assets to reduce memory usage. Loaded Objects now: 2534.
Total: 2.509400 ms (FindLiveObjects: 0.150300 ms CreateObjectMapping: 0.131800 ms MarkObjects: 2.215300 ms  DeleteObjects: 0.011400 ms)

AssetImportParameters requested are different than current active one (requested -> active):
  custom:framework-win-MediaFoundation: 216162199b28c13a410421893ffa2e32 -> 
  custom:video-decoder-ogg-theora: a1e56fd34408186e4bbccfd4996cb3dc -> 
  custom:container-muxer-webm: aa71ff27fc2769a1b78a27578f13a17b -> 
  custom:container-demuxer-webm: 4f35f7cbe854078d1ac9338744f61a02 -> 
  custom:container-demuxer-ogg: 62fdf1f143b41e24485cea50d1cbac27 -> 
  custom:video-encoder-webm-vp8: eb34c28f22e8b96e1ab97ce403110664 -> 
  custom:video-decoder-webm-vp8: 9c59270c3fd7afecdb556c50c9e8de78 -> 
  custom:audio-decoder-ogg-vorbis: bf7c407c2cedff20999df2af8eb42d56 -> 
  custom:audio-encoder-webm-vorbis: bf7c407c2cedff20999df2af8eb42d56 -> 
========================================================================
Received Import Request.
  Time since last request: 52.955122 seconds.
  path: Assets/Scripts/Movement.cs
  artifactKey: Guid(3ba9fd020afebce4daa381ada3efe813) Importer(815301076,1909f56bfc062723c751e8b465ee728b)
Start importing Assets/Scripts/Movement.cs using Guid(3ba9fd020afebce4daa381ada3efe813) Importer(815301076,1909f56bfc062723c751e8b465ee728b)  -> (artifact id: 'c4685db31e126517db9d20d365e5ff5e') in 0.007387 seconds 
  Import took 0.012293 seconds .

========================================================================
Received Import Request.
  Time since last request: 10.279133 seconds.
  path: Assets/Scripts/Movement.cs
  artifactKey: Guid(3ba9fd020afebce4daa381ada3efe813) Importer(815301076,1909f56bfc062723c751e8b465ee728b)
Start importing Assets/Scripts/Movement.cs using Guid(3ba9fd020afebce4daa381ada3efe813) Importer(815301076,1909f56bfc062723c751e8b465ee728b)  -> (artifact id: 'c9979ddfbcf260a8aea9551273bc570f') in 0.003012 seconds 
  Import took 0.006456 seconds .

========================================================================
Received Import Request.
  Time since last request: 2.491252 seconds.
  path: Assets/Scripts/Movement.cs
  artifactKey: Guid(3ba9fd020afebce4daa381ada3efe813) Importer(815301076,1909f56bfc062723c751e8b465ee728b)
Start importing Assets/Scripts/Movement.cs using Guid(3ba9fd020afebce4daa381ada3efe813) Importer(815301076,1909f56bfc062723c751e8b465ee728b)  -> (artifact id: '0cd4aa222afa5bf7116659b070ab0cf4') in 0.004023 seconds 
  Import took 0.007301 seconds .

========================================================================
Received Prepare
Registering precompiled user dll's ...
Registered in 0.005779 seconds.
Begin MonoManager ReloadAssembly
Native extension for WindowsStandalone target not found
Refreshing native plugins compatible for Editor in 0.52 ms, found 3 plugins.
Preloading 0 native plugins for Editor in 0.00 ms.
Mono: successfully reloaded assembly
- Completed reload, in  0.876 seconds
Domain Reload Profiling:
	ReloadAssembly (876ms)
		BeginReloadAssembly (100ms)
			ExecutionOrderSort (0ms)
			DisableScriptedObjects (6ms)
			BackupInstance (0ms)
			ReleaseScriptingObjects (0ms)
			CreateAndSetChildDomain (29ms)
		EndReloadAssembly (722ms)
			LoadAssemblies (88ms)
			RebuildTransferFunctionScriptingTraits (0ms)
			SetupTypeCache (257ms)
			ReleaseScriptCaches (1ms)
			RebuildScriptCaches (35ms)
			SetupLoadedEditorAssemblies (259ms)
				LogAssemblyErrors (0ms)
				InitializePlatformSupportModulesInManaged (6ms)
				SetLoadedEditorAssemblies (1ms)
				RefreshPlugins (1ms)
				BeforeProcessingInitializeOnLoad (72ms)
				ProcessInitializeOnLoadAttributes (168ms)
				ProcessInitializeOnLoadMethodAttributes (5ms)
				AfterProcessingInitializeOnLoad (7ms)
				EditorAssembliesLoaded (0ms)
			ExecutionOrderSort2 (0ms)
			AwakeInstancesAfterBackupRestoration (9ms)
Platform modules already initialized, skipping
Refreshing native plugins compatible for Editor in 0.38 ms, found 3 plugins.
Preloading 0 native plugins for Editor in 0.00 ms.
Unloading 2082 Unused Serialized files (Serialized files now loaded: 0)
System memory in use before: 92.6 MB.
System memory in use after: 92.7 MB.

Unloading 14 unused Assets to reduce memory usage. Loaded Objects now: 2537.
Total: 2.385700 ms (FindLiveObjects: 0.162700 ms CreateObjectMapping: 0.070400 ms MarkObjects: 2.140200 ms  DeleteObjects: 0.011700 ms)

AssetImportParameters requested are different than current active one (requested -> active):
  custom:framework-win-MediaFoundation: 216162199b28c13a410421893ffa2e32 -> 
  custom:video-decoder-ogg-theora: a1e56fd34408186e4bbccfd4996cb3dc -> 
  custom:container-muxer-webm: aa71ff27fc2769a1b78a27578f13a17b -> 
  custom:container-demuxer-webm: 4f35f7cbe854078d1ac9338744f61a02 -> 
  custom:container-demuxer-ogg: 62fdf1f143b41e24485cea50d1cbac27 -> 
  custom:video-encoder-webm-vp8: eb34c28f22e8b96e1ab97ce403110664 -> 
  custom:video-decoder-webm-vp8: 9c59270c3fd7afecdb556c50c9e8de78 -> 
  custom:audio-decoder-ogg-vorbis: bf7c407c2cedff20999df2af8eb42d56 -> 
  custom:audio-encoder-webm-vorbis: bf7c407c2cedff20999df2af8eb42d56 -> 
========================================================================
Received Import Request.
  Time since last request: 471.172727 seconds.
  path: Assets/BackGroundPillar.png
  artifactKey: Guid(35d999a021cc5264e80c43074e0e094d) Importer(815301076,1909f56bfc062723c751e8b465ee728b)
Start importing Assets/BackGroundPillar.png using Guid(35d999a021cc5264e80c43074e0e094d) Importer(815301076,1909f56bfc062723c751e8b465ee728b)  -> (artifact id: '984fab40c5da0ced3cc8062378b998ac') in 0.106779 seconds 
  Import took 0.110719 seconds .

========================================================================
Received Import Request.
  Time since last request: 0.000267 seconds.
  path: Assets/PlatformPieceTexture6.png
  artifactKey: Guid(477d16f16f57dad429b886386c5d25ff) Importer(815301076,1909f56bfc062723c751e8b465ee728b)
Start importing Assets/PlatformPieceTexture6.png using Guid(477d16f16f57dad429b886386c5d25ff) Importer(815301076,1909f56bfc062723c751e8b465ee728b)  -> (artifact id: '7c48723da98997eff3923584e68ee75c') in 0.020506 seconds 
  Import took 0.023608 seconds .

========================================================================
Received Import Request.
  Time since last request: 0.000257 seconds.
  path: Assets/Sprite-0007.png
  artifactKey: Guid(f331c6442a580684ba9b099b3fc67832) Importer(815301076,1909f56bfc062723c751e8b465ee728b)
Start importing Assets/Sprite-0007.png using Guid(f331c6442a580684ba9b099b3fc67832) Importer(815301076,1909f56bfc062723c751e8b465ee728b)  -> (artifact id: '0975ef7808915e5b995e834f5ad6d78c') in 0.019843 seconds 
  Import took 0.023331 seconds .

========================================================================
Received Import Request.
  Time since last request: 0.000250 seconds.
  path: Assets/SmallPlatformTexture.png
  artifactKey: Guid(71ace70f0b3bb4f43a267e767119874b) Importer(815301076,1909f56bfc062723c751e8b465ee728b)
Start importing Assets/SmallPlatformTexture.png using Guid(71ace70f0b3bb4f43a267e767119874b) Importer(815301076,1909f56bfc062723c751e8b465ee728b)  -> (artifact id: '2d5cbe718c34707df46bf9bd41634c5e') in 0.019629 seconds 
  Import took 0.022588 seconds .

========================================================================
Received Import Request.
  Time since last request: 0.000293 seconds.
  path: Assets/PlatformPieceTexture2.png
  artifactKey: Guid(35907ccfa0eab5743bd03eddab311a25) Importer(815301076,1909f56bfc062723c751e8b465ee728b)
Start importing Assets/PlatformPieceTexture2.png using Guid(35907ccfa0eab5743bd03eddab311a25) Importer(815301076,1909f56bfc062723c751e8b465ee728b)  -> (artifact id: 'd49cdf5cc0b1849e1429c99b79b92d5e') in 0.018357 seconds 
  Import took 0.022078 seconds .

========================================================================
Received Import Request.
  Time since last request: 0.000187 seconds.
  path: Assets/PlatformPieceTexture4.png
  artifactKey: Guid(53ee3ddffb567e645906473754889f23) Importer(815301076,1909f56bfc062723c751e8b465ee728b)
Start importing Assets/PlatformPieceTexture4.png using Guid(53ee3ddffb567e645906473754889f23) Importer(815301076,1909f56bfc062723c751e8b465ee728b)  -> (artifact id: 'eddb1bac0cd26bc35817fb7740febbb8') in 0.022568 seconds 
  Import took 0.025648 seconds .

========================================================================
Received Import Request.
  Time since last request: 0.000200 seconds.
  path: Assets/PlatformPieceTexture1.png
  artifactKey: Guid(27702cdc60b460046b046a13fc3f4afc) Importer(815301076,1909f56bfc062723c751e8b465ee728b)
Start importing Assets/PlatformPieceTexture1.png using Guid(27702cdc60b460046b046a13fc3f4afc) Importer(815301076,1909f56bfc062723c751e8b465ee728b)  -> (artifact id: '6355ccf2c1c5c2200ab03cb8ef947e8d') in 0.019407 seconds 
  Import took 0.022450 seconds .

========================================================================
Received Import Request.
  Time since last request: 0.000318 seconds.
  path: Assets/BigPlatformTexture.png
  artifactKey: Guid(0c967e9a11753ed46ade1219cd7e344c) Importer(815301076,1909f56bfc062723c751e8b465ee728b)
Start importing Assets/BigPlatformTexture.png using Guid(0c967e9a11753ed46ade1219cd7e344c) Importer(815301076,1909f56bfc062723c751e8b465ee728b)  -> (artifact id: 'd1996deddf22869e91bf669fe8535952') in 0.021198 seconds 
  Import took 0.026470 seconds .

========================================================================
Received Import Request.
  Time since last request: 0.000245 seconds.
  path: Assets/PlatformPieceTexture3.png
  artifactKey: Guid(1be5090de4795ce4780d3fb9045ec845) Importer(815301076,1909f56bfc062723c751e8b465ee728b)
Start importing Assets/PlatformPieceTexture3.png using Guid(1be5090de4795ce4780d3fb9045ec845) Importer(815301076,1909f56bfc062723c751e8b465ee728b)  -> (artifact id: 'bca6b5ba0948580d243661a5be25ace0') in 0.025939 seconds 
  Import took 0.029346 seconds .

========================================================================
Received Import Request.
  Time since last request: 0.000195 seconds.
  path: Assets/Sprite-0006.png
  artifactKey: Guid(57242e34ad0f00c4b9a5aea364dab649) Importer(815301076,1909f56bfc062723c751e8b465ee728b)
Start importing Assets/Sprite-0006.png using Guid(57242e34ad0f00c4b9a5aea364dab649) Importer(815301076,1909f56bfc062723c751e8b465ee728b)  -> (artifact id: '4f561040e0e3e8dfbd31bcf94772b51c') in 0.033000 seconds 
  Import took 0.036709 seconds .

========================================================================
Received Import Request.
  Time since last request: 0.000295 seconds.
  path: Assets/Pixelgun.png
  artifactKey: Guid(cde17d3cc74b54744bd28a38c20e0347) Importer(815301076,1909f56bfc062723c751e8b465ee728b)
Start importing Assets/Pixelgun.png using Guid(cde17d3cc74b54744bd28a38c20e0347) Importer(815301076,1909f56bfc062723c751e8b465ee728b)  -> (artifact id: '2e119826c5faf341d06796cae8edaf80') in 0.020960 seconds 
  Import took 0.023953 seconds .

========================================================================
Received Import Request.
  Time since last request: 0.000240 seconds.
  path: Assets/SmallBrPlatformTexture.png
  artifactKey: Guid(1550f92b3b88628428421a9583b79077) Importer(815301076,1909f56bfc062723c751e8b465ee728b)
Start importing Assets/SmallBrPlatformTexture.png using Guid(1550f92b3b88628428421a9583b79077) Importer(815301076,1909f56bfc062723c751e8b465ee728b)  -> (artifact id: 'b05a5bbb46a4f72c762e20e2199875bd') in 0.023551 seconds 
  Import took 0.027008 seconds .

========================================================================
Received Import Request.
  Time since last request: 0.000300 seconds.
  path: Assets/PlatformPieceTexture5.png
  artifactKey: Guid(5cda278f6f2a50f4d8b22ce418cd05b7) Importer(815301076,1909f56bfc062723c751e8b465ee728b)
Start importing Assets/PlatformPieceTexture5.png using Guid(5cda278f6f2a50f4d8b22ce418cd05b7) Importer(815301076,1909f56bfc062723c751e8b465ee728b)  -> (artifact id: '5770803d07bbefaeb0cb353cdbbd5578') in 0.023378 seconds 
  Import took 0.027373 seconds .

========================================================================
Received Import Request.
  Time since last request: 0.000275 seconds.
  path: Assets/CrateTexture.png
  artifactKey: Guid(b65e853ca2d31194ca5045a946f1fa3e) Importer(815301076,1909f56bfc062723c751e8b465ee728b)
Start importing Assets/CrateTexture.png using Guid(b65e853ca2d31194ca5045a946f1fa3e) Importer(815301076,1909f56bfc062723c751e8b465ee728b)  -> (artifact id: 'eb6c8ca14117b25ec2b0d7a47175085f') in 0.027900 seconds 
  Import took 0.032506 seconds .

========================================================================
Received Import Request.
  Time since last request: 0.000336 seconds.
  path: Assets/PlatformPieceTexture7.png
  artifactKey: Guid(8d674836d07669f4da8508811a0c4a35) Importer(815301076,1909f56bfc062723c751e8b465ee728b)
Start importing Assets/PlatformPieceTexture7.png using Guid(8d674836d07669f4da8508811a0c4a35) Importer(815301076,1909f56bfc062723c751e8b465ee728b)  -> (artifact id: '3308c0b51414a12a6a73633fe98af615') in 0.022998 seconds 
  Import took 0.026754 seconds .

========================================================================
Received Import Request.
  Time since last request: 0.000206 seconds.
  path: Assets/Sprite-0002.png
  artifactKey: Guid(14a64042032a0b64ab04622fdc1c34f3) Importer(815301076,1909f56bfc062723c751e8b465ee728b)
Start importing Assets/Sprite-0002.png using Guid(14a64042032a0b64ab04622fdc1c34f3) Importer(815301076,1909f56bfc062723c751e8b465ee728b)  -> (artifact id: '6b214cefa6ccb5748e2be52bd316da6f') in 0.024549 seconds 
  Import took 0.027959 seconds .

========================================================================
Received Import Request.
  Time since last request: 21.046095 seconds.
  path: Assets/CrateTexture.prefab
  artifactKey: Guid(288fd01c911d18941b3df5f1592afe0e) Importer(815301076,1909f56bfc062723c751e8b465ee728b)
Start importing Assets/CrateTexture.prefab using Guid(288fd01c911d18941b3df5f1592afe0e) Importer(815301076,1909f56bfc062723c751e8b465ee728b)  -> (artifact id: '694b50a9a55043c998dc860ebbbb3bab') in 0.039499 seconds 
  Import took 0.043625 seconds .

========================================================================
Received Import Request.
  Time since last request: 21.939447 seconds.
  path: Assets/Prefabs
  artifactKey: Guid(754aa5221f40fea42acbd31464526fb8) Importer(815301076,1909f56bfc062723c751e8b465ee728b)
Start importing Assets/Prefabs using Guid(754aa5221f40fea42acbd31464526fb8) Importer(815301076,1909f56bfc062723c751e8b465ee728b)  -> (artifact id: '0dc0ccca7f7fa4debe5f14911b06657c') in 0.007139 seconds 
  Import took 0.011641 seconds .

========================================================================
Received Import Request.
  Time since last request: 3.163924 seconds.
  path: Assets/Prefabs/CrateTexture.prefab
  artifactKey: Guid(df13ed6105e792c4eb73861a535694e9) Importer(815301076,1909f56bfc062723c751e8b465ee728b)
Start importing Assets/Prefabs/CrateTexture.prefab using Guid(df13ed6105e792c4eb73861a535694e9) Importer(815301076,1909f56bfc062723c751e8b465ee728b)  -> (artifact id: 'c32c3df29bc1b7216d63ffe86d2f2c68') in 0.014172 seconds 
  Import took 0.018052 seconds .

========================================================================
Received Import Request.
  Time since last request: 27.592477 seconds.
  path: Assets/Prefabs/Pixelgun.prefab
  artifactKey: Guid(8a1e028da8fb4814ba9fe8a13c53edbe) Importer(815301076,1909f56bfc062723c751e8b465ee728b)
Start importing Assets/Prefabs/Pixelgun.prefab using Guid(8a1e028da8fb4814ba9fe8a13c53edbe) Importer(815301076,1909f56bfc062723c751e8b465ee728b)  -> (artifact id: '6a456e3b45608b262746ca0079cd4211') in 0.014457 seconds 
  Import took 0.017702 seconds .

========================================================================
Received Import Request.
  Time since last request: 1.196190 seconds.
  path: Assets/Prefabs/Sprite-0007.prefab
  artifactKey: Guid(1a06e904f0a3b5d49b4b30b9a2d4db37) Importer(815301076,1909f56bfc062723c751e8b465ee728b)
Start importing Assets/Prefabs/Sprite-0007.prefab using Guid(1a06e904f0a3b5d49b4b30b9a2d4db37) Importer(815301076,1909f56bfc062723c751e8b465ee728b)  -> (artifact id: 'b87c5e65ba7de560b67915a45831a74c') in 0.013158 seconds 
  Import took 0.017225 seconds .

========================================================================
Received Import Request.
  Time since last request: 1.153970 seconds.
  path: Assets/Prefabs/Sprite-0006.prefab
  artifactKey: Guid(542d0762e21c8024492d37ddee75542e) Importer(815301076,1909f56bfc062723c751e8b465ee728b)
Start importing Assets/Prefabs/Sprite-0006.prefab using Guid(542d0762e21c8024492d37ddee75542e) Importer(815301076,1909f56bfc062723c751e8b465ee728b)  -> (artifact id: '4e9874a071478e1f7713da06ba9fe462') in 0.011144 seconds 
  Import took 0.014921 seconds .

========================================================================
Received Import Request.
  Time since last request: 1.294460 seconds.
  path: Assets/Prefabs/Sprite-0002.prefab
  artifactKey: Guid(279ec3e45da25694998752a8f2544ba4) Importer(815301076,1909f56bfc062723c751e8b465ee728b)
Start importing Assets/Prefabs/Sprite-0002.prefab using Guid(279ec3e45da25694998752a8f2544ba4) Importer(815301076,1909f56bfc062723c751e8b465ee728b)  -> (artifact id: '55386748263c5696f46f25d37efb07b8') in 0.011771 seconds 
  Import took 0.016060 seconds .

========================================================================
Received Import Request.
  Time since last request: 78.866903 seconds.
  path: Assets/BackGroundPillar.png
  artifactKey: Guid(35d999a021cc5264e80c43074e0e094d) Importer(815301076,1909f56bfc062723c751e8b465ee728b)
Start importing Assets/BackGroundPillar.png using Guid(35d999a021cc5264e80c43074e0e094d) Importer(815301076,1909f56bfc062723c751e8b465ee728b)  -> (artifact id: '25d7b06ff8bff7f1701bc277c3d9c85f') in 0.016172 seconds 
  Import took 0.020451 seconds .

========================================================================
Received Import Request.
  Time since last request: 22.742309 seconds.
  path: Assets/BackGroundPillar.png
  artifactKey: Guid(35d999a021cc5264e80c43074e0e094d) Importer(815301076,1909f56bfc062723c751e8b465ee728b)
Start importing Assets/BackGroundPillar.png using Guid(35d999a021cc5264e80c43074e0e094d) Importer(815301076,1909f56bfc062723c751e8b465ee728b)  -> (artifact id: '5a6ef431bda2cd18469d131aced7ea33') in 0.018127 seconds 
  Import took 0.021362 seconds .

========================================================================
Received Import Request.
  Time since last request: 7.752269 seconds.
  path: Assets/BackGroundPillar.png
  artifactKey: Guid(35d999a021cc5264e80c43074e0e094d) Importer(815301076,1909f56bfc062723c751e8b465ee728b)
Start importing Assets/BackGroundPillar.png using Guid(35d999a021cc5264e80c43074e0e094d) Importer(815301076,1909f56bfc062723c751e8b465ee728b)  -> (artifact id: '918a405b3ff29156c5b8698d20943e9b') in 0.020531 seconds 
  Import took 0.024337 seconds .

========================================================================
Received Import Request.
  Time since last request: 8.395364 seconds.
  path: Assets/BackGroundPillar.png
  artifactKey: Guid(35d999a021cc5264e80c43074e0e094d) Importer(815301076,1909f56bfc062723c751e8b465ee728b)
Start importing Assets/BackGroundPillar.png using Guid(35d999a021cc5264e80c43074e0e094d) Importer(815301076,1909f56bfc062723c751e8b465ee728b)  -> (artifact id: '3653290e985c8627677ec7abc92f5b18') in 0.018006 seconds 
  Import took 0.021588 seconds .

========================================================================
Received Import Request.
  Time since last request: 4.349080 seconds.
  path: Assets/BackGroundPillar.png
  artifactKey: Guid(35d999a021cc5264e80c43074e0e094d) Importer(815301076,1909f56bfc062723c751e8b465ee728b)
Start importing Assets/BackGroundPillar.png using Guid(35d999a021cc5264e80c43074e0e094d) Importer(815301076,1909f56bfc062723c751e8b465ee728b)  -> (artifact id: '83d22218ca450237b613d61ad64ae566') in 0.018713 seconds 
  Import took 0.022358 seconds .

========================================================================
Received Import Request.
  Time since last request: 8.179198 seconds.
  path: Assets/BackGroundPillar.png
  artifactKey: Guid(35d999a021cc5264e80c43074e0e094d) Importer(815301076,1909f56bfc062723c751e8b465ee728b)
Start importing Assets/BackGroundPillar.png using Guid(35d999a021cc5264e80c43074e0e094d) Importer(815301076,1909f56bfc062723c751e8b465ee728b)  -> (artifact id: 'dbcb81fc20e98d1540cc466f7a7468bb') in 0.018899 seconds 
  Import took 0.022577 seconds .

========================================================================
Received Import Request.
  Time since last request: 71.352560 seconds.
  path: Assets/BigPlatformTexture.png
  artifactKey: Guid(0c967e9a11753ed46ade1219cd7e344c) Importer(815301076,1909f56bfc062723c751e8b465ee728b)
Start importing Assets/BigPlatformTexture.png using Guid(0c967e9a11753ed46ade1219cd7e344c) Importer(815301076,1909f56bfc062723c751e8b465ee728b)  -> (artifact id: '3c31a95c36c0562a86bf31ce0858575b') in 0.016008 seconds 
  Import took 0.020016 seconds .

========================================================================
Received Import Request.
  Time since last request: 4.176271 seconds.
  path: Assets/BigPlatformTexture.png
  artifactKey: Guid(0c967e9a11753ed46ade1219cd7e344c) Importer(815301076,1909f56bfc062723c751e8b465ee728b)
Start importing Assets/BigPlatformTexture.png using Guid(0c967e9a11753ed46ade1219cd7e344c) Importer(815301076,1909f56bfc062723c751e8b465ee728b)  -> (artifact id: '4a2379faa7f579c910dc062897fbbd74') in 0.013753 seconds 
  Import took 0.017022 seconds .

========================================================================
Received Import Request.
  Time since last request: 4.851228 seconds.
  path: Assets/BigPlatformTexture.png
  artifactKey: Guid(0c967e9a11753ed46ade1219cd7e344c) Importer(815301076,1909f56bfc062723c751e8b465ee728b)
Start importing Assets/BigPlatformTexture.png using Guid(0c967e9a11753ed46ade1219cd7e344c) Importer(815301076,1909f56bfc062723c751e8b465ee728b)  -> (artifact id: '901196011e240b308beb4d7b3d3f5f0b') in 0.012281 seconds 
  Import took 0.016471 seconds .

========================================================================
Received Import Request.
  Time since last request: 86.993243 seconds.
  path: Assets/CrateTexture.png
  artifactKey: Guid(b65e853ca2d31194ca5045a946f1fa3e) Importer(815301076,1909f56bfc062723c751e8b465ee728b)
Start importing Assets/CrateTexture.png using Guid(b65e853ca2d31194ca5045a946f1fa3e) Importer(815301076,1909f56bfc062723c751e8b465ee728b)  -> (artifact id: '94246cd32ef8124823a7442c0e399aad') in 0.014222 seconds 
  Import took 0.018006 seconds .

========================================================================
Received Import Request.
  Time since last request: 9.843337 seconds.
  path: Assets/Prefabs/CrateTexture.prefab
  artifactKey: Guid(df13ed6105e792c4eb73861a535694e9) Importer(815301076,1909f56bfc062723c751e8b465ee728b)
Start importing Assets/Prefabs/CrateTexture.prefab using Guid(df13ed6105e792c4eb73861a535694e9) Importer(815301076,1909f56bfc062723c751e8b465ee728b)  -> (artifact id: '2f5939b14f16550f6330ffc6db4ebf11') in 0.013715 seconds 
  Import took 0.017257 seconds .

========================================================================
Received Import Request.
  Time since last request: 19.292627 seconds.
  path: Assets/Pixelgun.png
  artifactKey: Guid(cde17d3cc74b54744bd28a38c20e0347) Importer(815301076,1909f56bfc062723c751e8b465ee728b)
Start importing Assets/Pixelgun.png using Guid(cde17d3cc74b54744bd28a38c20e0347) Importer(815301076,1909f56bfc062723c751e8b465ee728b)  -> (artifact id: '7fcaa0d40d4428794c93ce96f8f9bd0d') in 0.016673 seconds 
  Import took 0.021027 seconds .

========================================================================
Received Import Request.
  Time since last request: 19.331733 seconds.
  path: Assets/Prefabs/Pixelgun.prefab
  artifactKey: Guid(8a1e028da8fb4814ba9fe8a13c53edbe) Importer(815301076,1909f56bfc062723c751e8b465ee728b)
Start importing Assets/Prefabs/Pixelgun.prefab using Guid(8a1e028da8fb4814ba9fe8a13c53edbe) Importer(815301076,1909f56bfc062723c751e8b465ee728b)  -> (artifact id: '8a0e4c37a4bb527ad62d223d9698b8a7') in 0.012742 seconds 
  Import took 0.016442 seconds .

========================================================================
Received Import Request.
  Time since last request: 43.242141 seconds.
  path: Assets/PlatformPieceTexture1.png
  artifactKey: Guid(27702cdc60b460046b046a13fc3f4afc) Importer(815301076,1909f56bfc062723c751e8b465ee728b)
Start importing Assets/PlatformPieceTexture1.png using Guid(27702cdc60b460046b046a13fc3f4afc) Importer(815301076,1909f56bfc062723c751e8b465ee728b)  -> (artifact id: '7123740eadab88447d295018b9ff243b') in 0.012601 seconds 
  Import took 0.018124 seconds .

========================================================================
Received Import Request.
  Time since last request: 0.000275 seconds.
  path: Assets/PlatformPieceTexture6.png
  artifactKey: Guid(477d16f16f57dad429b886386c5d25ff) Importer(815301076,1909f56bfc062723c751e8b465ee728b)
Start importing Assets/PlatformPieceTexture6.png using Guid(477d16f16f57dad429b886386c5d25ff) Importer(815301076,1909f56bfc062723c751e8b465ee728b)  -> (artifact id: 'daa87b6e97bfb02d652946d6e1e7df3f') in 0.015076 seconds 
  Import took 0.018384 seconds .

========================================================================
Received Import Request.
  Time since last request: 0.000272 seconds.
  path: Assets/PlatformPieceTexture2.png
  artifactKey: Guid(35907ccfa0eab5743bd03eddab311a25) Importer(815301076,1909f56bfc062723c751e8b465ee728b)
Start importing Assets/PlatformPieceTexture2.png using Guid(35907ccfa0eab5743bd03eddab311a25) Importer(815301076,1909f56bfc062723c751e8b465ee728b)  -> (artifact id: '644c8b3034cf821379090bd92b44a487') in 0.012583 seconds 
  Import took 0.016603 seconds .

========================================================================
Received Import Request.
  Time since last request: 0.000438 seconds.
  path: Assets/PlatformPieceTexture4.png
  artifactKey: Guid(53ee3ddffb567e645906473754889f23) Importer(815301076,1909f56bfc062723c751e8b465ee728b)
Start importing Assets/PlatformPieceTexture4.png using Guid(53ee3ddffb567e645906473754889f23) Importer(815301076,1909f56bfc062723c751e8b465ee728b)  -> (artifact id: 'e015792b4b24b657e5fb6084ca6b2880') in 0.018254 seconds 
  Import took 0.022567 seconds .

========================================================================
Received Import Request.
  Time since last request: 0.000197 seconds.
  path: Assets/PlatformPieceTexture3.png
  artifactKey: Guid(1be5090de4795ce4780d3fb9045ec845) Importer(815301076,1909f56bfc062723c751e8b465ee728b)
Start importing Assets/PlatformPieceTexture3.png using Guid(1be5090de4795ce4780d3fb9045ec845) Importer(815301076,1909f56bfc062723c751e8b465ee728b)  -> (artifact id: '4d334e599638f124785bf93c39c94a6e') in 0.010050 seconds 
  Import took 0.013054 seconds .

========================================================================
Received Import Request.
  Time since last request: 0.000164 seconds.
  path: Assets/PlatformPieceTexture5.png
  artifactKey: Guid(5cda278f6f2a50f4d8b22ce418cd05b7) Importer(815301076,1909f56bfc062723c751e8b465ee728b)
Start importing Assets/PlatformPieceTexture5.png using Guid(5cda278f6f2a50f4d8b22ce418cd05b7) Importer(815301076,1909f56bfc062723c751e8b465ee728b)  -> (artifact id: 'fd737ccdf22a98f0fda7d672aea0d911') in 0.013075 seconds 
  Import took 0.016440 seconds .

========================================================================
Received Import Request.
  Time since last request: 0.000243 seconds.
  path: Assets/PlatformPieceTexture7.png
  artifactKey: Guid(8d674836d07669f4da8508811a0c4a35) Importer(815301076,1909f56bfc062723c751e8b465ee728b)
Start importing Assets/PlatformPieceTexture7.png using Guid(8d674836d07669f4da8508811a0c4a35) Importer(815301076,1909f56bfc062723c751e8b465ee728b)  -> (artifact id: 'e2b42d8dce7ea3856ba5fe8d381f92e1') in 0.012452 seconds 
  Import took 0.015523 seconds .

========================================================================
Received Import Request.
  Time since last request: 52.546045 seconds.
  path: Assets/SmallBrPlatformTexture.png
  artifactKey: Guid(1550f92b3b88628428421a9583b79077) Importer(815301076,1909f56bfc062723c751e8b465ee728b)
Start importing Assets/SmallBrPlatformTexture.png using Guid(1550f92b3b88628428421a9583b79077) Importer(815301076,1909f56bfc062723c751e8b465ee728b)  -> (artifact id: '270f4f8dc573f4d619fc144effe312d6') in 0.014567 seconds 
  Import took 0.017797 seconds .

========================================================================
Received Import Request.
  Time since last request: 11.938692 seconds.
  path: Assets/SmallBrPlatformTexture.png
  artifactKey: Guid(1550f92b3b88628428421a9583b79077) Importer(815301076,1909f56bfc062723c751e8b465ee728b)
Start importing Assets/SmallBrPlatformTexture.png using Guid(1550f92b3b88628428421a9583b79077) Importer(815301076,1909f56bfc062723c751e8b465ee728b)  -> (artifact id: '8f181c0a24887c3a1446f58548f3698b') in 0.012505 seconds 
  Import took 0.016619 seconds .

========================================================================
Received Import Request.
  Time since last request: 12.981247 seconds.
  path: Assets/SmallBrPlatformTexture.png
  artifactKey: Guid(1550f92b3b88628428421a9583b79077) Importer(815301076,1909f56bfc062723c751e8b465ee728b)
Start importing Assets/SmallBrPlatformTexture.png using Guid(1550f92b3b88628428421a9583b79077) Importer(815301076,1909f56bfc062723c751e8b465ee728b)  -> (artifact id: '0334e2e2f40988675b074ca18b82ceb1') in 0.012580 seconds 
  Import took 0.016861 seconds .

========================================================================
Received Import Request.
  Time since last request: 40.979041 seconds.
  path: Assets/SmallPlatformTexture.png
  artifactKey: Guid(71ace70f0b3bb4f43a267e767119874b) Importer(815301076,1909f56bfc062723c751e8b465ee728b)
Start importing Assets/SmallPlatformTexture.png using Guid(71ace70f0b3bb4f43a267e767119874b) Importer(815301076,1909f56bfc062723c751e8b465ee728b)  -> (artifact id: '4f016c346e768abcd9c93a0db9d16522') in 0.013719 seconds 
  Import took 0.017619 seconds .

========================================================================
Received Import Request.
  Time since last request: 67.935842 seconds.
  path: Assets/Sprite-0002.png
  artifactKey: Guid(14a64042032a0b64ab04622fdc1c34f3) Importer(815301076,1909f56bfc062723c751e8b465ee728b)
Start importing Assets/Sprite-0002.png using Guid(14a64042032a0b64ab04622fdc1c34f3) Importer(815301076,1909f56bfc062723c751e8b465ee728b)  -> (artifact id: '6b93280e3b74e1256275b4d0526a247b') in 0.016667 seconds 
  Import took 0.021186 seconds .

========================================================================
Received Import Request.
  Time since last request: 3.458612 seconds.
  path: Assets/Sprite-0002.png
  artifactKey: Guid(14a64042032a0b64ab04622fdc1c34f3) Importer(815301076,1909f56bfc062723c751e8b465ee728b)
Start importing Assets/Sprite-0002.png using Guid(14a64042032a0b64ab04622fdc1c34f3) Importer(815301076,1909f56bfc062723c751e8b465ee728b)  -> (artifact id: '25d18189fcfc5a00e7cd6e4ce1ebb8f9') in 0.014443 seconds 
  Import took 0.018529 seconds .

========================================================================
Received Import Request.
  Time since last request: 8.218791 seconds.
  path: Assets/Sprite-0002.png
  artifactKey: Guid(14a64042032a0b64ab04622fdc1c34f3) Importer(815301076,1909f56bfc062723c751e8b465ee728b)
Start importing Assets/Sprite-0002.png using Guid(14a64042032a0b64ab04622fdc1c34f3) Importer(815301076,1909f56bfc062723c751e8b465ee728b)  -> (artifact id: '6c0cffbb247f84807099ec2e490038f5') in 0.015513 seconds 
  Import took 0.018811 seconds .

========================================================================
Received Import Request.
  Time since last request: 21.724864 seconds.
  path: Assets/Prefabs/Sprite-0002.prefab
  artifactKey: Guid(279ec3e45da25694998752a8f2544ba4) Importer(815301076,1909f56bfc062723c751e8b465ee728b)
Start importing Assets/Prefabs/Sprite-0002.prefab using Guid(279ec3e45da25694998752a8f2544ba4) Importer(815301076,1909f56bfc062723c751e8b465ee728b)  -> (artifact id: '045ab6e8e0c6790f822ebe59a4cc5e50') in 0.012736 seconds 
  Import took 0.016315 seconds .

========================================================================
Received Prepare
Registering precompiled user dll's ...
Registered in 0.003733 seconds.
Begin MonoManager ReloadAssembly
Native extension for WindowsStandalone target not found
Refreshing native plugins compatible for Editor in 0.46 ms, found 3 plugins.
Preloading 0 native plugins for Editor in 0.00 ms.
Mono: successfully reloaded assembly
- Completed reload, in  0.909 seconds
Domain Reload Profiling:
	ReloadAssembly (909ms)
		BeginReloadAssembly (115ms)
			ExecutionOrderSort (0ms)
			DisableScriptedObjects (6ms)
			BackupInstance (0ms)
			ReleaseScriptingObjects (0ms)
			CreateAndSetChildDomain (32ms)
		EndReloadAssembly (736ms)
			LoadAssemblies (91ms)
			RebuildTransferFunctionScriptingTraits (0ms)
			SetupTypeCache (251ms)
			ReleaseScriptCaches (1ms)
			RebuildScriptCaches (37ms)
			SetupLoadedEditorAssemblies (256ms)
				LogAssemblyErrors (0ms)
				InitializePlatformSupportModulesInManaged (4ms)
				SetLoadedEditorAssemblies (0ms)
				RefreshPlugins (1ms)
				BeforeProcessingInitializeOnLoad (70ms)
				ProcessInitializeOnLoadAttributes (169ms)
				ProcessInitializeOnLoadMethodAttributes (5ms)
				AfterProcessingInitializeOnLoad (7ms)
				EditorAssembliesLoaded (0ms)
			ExecutionOrderSort2 (0ms)
			AwakeInstancesAfterBackupRestoration (9ms)
Platform modules already initialized, skipping
Refreshing native plugins compatible for Editor in 0.38 ms, found 3 plugins.
Preloading 0 native plugins for Editor in 0.00 ms.
Unloading 2082 Unused Serialized files (Serialized files now loaded: 0)
System memory in use before: 95.6 MB.
System memory in use after: 95.8 MB.

Unloading 14 unused Assets to reduce memory usage. Loaded Objects now: 2576.
Total: 2.541600 ms (FindLiveObjects: 0.154400 ms CreateObjectMapping: 0.064500 ms MarkObjects: 2.284600 ms  DeleteObjects: 0.037200 ms)

AssetImportParameters requested are different than current active one (requested -> active):
  custom:framework-win-MediaFoundation: 216162199b28c13a410421893ffa2e32 -> 
  custom:video-decoder-ogg-theora: a1e56fd34408186e4bbccfd4996cb3dc -> 
  custom:container-muxer-webm: aa71ff27fc2769a1b78a27578f13a17b -> 
  custom:container-demuxer-webm: 4f35f7cbe854078d1ac9338744f61a02 -> 
  custom:container-demuxer-ogg: 62fdf1f143b41e24485cea50d1cbac27 -> 
  custom:video-encoder-webm-vp8: eb34c28f22e8b96e1ab97ce403110664 -> 
  custom:video-decoder-webm-vp8: 9c59270c3fd7afecdb556c50c9e8de78 -> 
  custom:audio-decoder-ogg-vorbis: bf7c407c2cedff20999df2af8eb42d56 -> 
  custom:audio-encoder-webm-vorbis: bf7c407c2cedff20999df2af8eb42d56 -> 
========================================================================
Received Import Request.
  Time since last request: 806.932945 seconds.
  path: Assets/Prefabs/Pieces.prefab
  artifactKey: Guid(c3aeeadbe1b556b46a886f8cf0f31f07) Importer(815301076,1909f56bfc062723c751e8b465ee728b)
Start importing Assets/Prefabs/Pieces.prefab using Guid(c3aeeadbe1b556b46a886f8cf0f31f07) Importer(815301076,1909f56bfc062723c751e8b465ee728b)  -> (artifact id: '75b9a346d8dd877aaa210fa0591198c6') in 0.051692 seconds 
  Import took 0.055971 seconds .

========================================================================
Received Prepare
Registering precompiled user dll's ...
Registered in 0.003357 seconds.
Begin MonoManager ReloadAssembly
Native extension for WindowsStandalone target not found
Refreshing native plugins compatible for Editor in 0.37 ms, found 3 plugins.
Preloading 0 native plugins for Editor in 0.00 ms.
Mono: successfully reloaded assembly
- Completed reload, in  0.913 seconds
Domain Reload Profiling:
	ReloadAssembly (913ms)
		BeginReloadAssembly (108ms)
			ExecutionOrderSort (0ms)
			DisableScriptedObjects (6ms)
			BackupInstance (0ms)
			ReleaseScriptingObjects (0ms)
			CreateAndSetChildDomain (30ms)
		EndReloadAssembly (746ms)
			LoadAssemblies (89ms)
			RebuildTransferFunctionScriptingTraits (0ms)
			SetupTypeCache (257ms)
			ReleaseScriptCaches (1ms)
			RebuildScriptCaches (39ms)
			SetupLoadedEditorAssemblies (267ms)
				LogAssemblyErrors (0ms)
				InitializePlatformSupportModulesInManaged (4ms)
				SetLoadedEditorAssemblies (0ms)
				RefreshPlugins (0ms)
				BeforeProcessingInitializeOnLoad (71ms)
				ProcessInitializeOnLoadAttributes (178ms)
				ProcessInitializeOnLoadMethodAttributes (5ms)
				AfterProcessingInitializeOnLoad (7ms)
				EditorAssembliesLoaded (0ms)
			ExecutionOrderSort2 (0ms)
			AwakeInstancesAfterBackupRestoration (9ms)
Platform modules already initialized, skipping
Refreshing native plugins compatible for Editor in 0.43 ms, found 3 plugins.
Preloading 0 native plugins for Editor in 0.00 ms.
Unloading 2082 Unused Serialized files (Serialized files now loaded: 0)
System memory in use before: 95.7 MB.
System memory in use after: 95.8 MB.

Unloading 14 unused Assets to reduce memory usage. Loaded Objects now: 2580.
Total: 2.575800 ms (FindLiveObjects: 0.169000 ms CreateObjectMapping: 0.074700 ms MarkObjects: 2.317200 ms  DeleteObjects: 0.013800 ms)

AssetImportParameters requested are different than current active one (requested -> active):
  custom:framework-win-MediaFoundation: 216162199b28c13a410421893ffa2e32 -> 
  custom:video-decoder-ogg-theora: a1e56fd34408186e4bbccfd4996cb3dc -> 
  custom:container-muxer-webm: aa71ff27fc2769a1b78a27578f13a17b -> 
  custom:container-demuxer-webm: 4f35f7cbe854078d1ac9338744f61a02 -> 
  custom:container-demuxer-ogg: 62fdf1f143b41e24485cea50d1cbac27 -> 
  custom:video-encoder-webm-vp8: eb34c28f22e8b96e1ab97ce403110664 -> 
  custom:video-decoder-webm-vp8: 9c59270c3fd7afecdb556c50c9e8de78 -> 
  custom:audio-decoder-ogg-vorbis: bf7c407c2cedff20999df2af8eb42d56 -> 
  custom:audio-encoder-webm-vorbis: bf7c407c2cedff20999df2af8eb42d56 -> 
========================================================================
Received Prepare
Registering precompiled user dll's ...
Registered in 0.002922 seconds.
Begin MonoManager ReloadAssembly
Native extension for WindowsStandalone target not found
Refreshing native plugins compatible for Editor in 0.39 ms, found 3 plugins.
Preloading 0 native plugins for Editor in 0.00 ms.
Mono: successfully reloaded assembly
- Completed reload, in  0.929 seconds
Domain Reload Profiling:
	ReloadAssembly (929ms)
		BeginReloadAssembly (110ms)
			ExecutionOrderSort (0ms)
			DisableScriptedObjects (6ms)
			BackupInstance (0ms)
			ReleaseScriptingObjects (0ms)
			CreateAndSetChildDomain (28ms)
		EndReloadAssembly (761ms)
			LoadAssemblies (85ms)
			RebuildTransferFunctionScriptingTraits (0ms)
			SetupTypeCache (251ms)
			ReleaseScriptCaches (1ms)
			RebuildScriptCaches (41ms)
			SetupLoadedEditorAssemblies (282ms)
				LogAssemblyErrors (0ms)
				InitializePlatformSupportModulesInManaged (4ms)
				SetLoadedEditorAssemblies (0ms)
				RefreshPlugins (0ms)
				BeforeProcessingInitializeOnLoad (76ms)
				ProcessInitializeOnLoadAttributes (188ms)
				ProcessInitializeOnLoadMethodAttributes (5ms)
				AfterProcessingInitializeOnLoad (7ms)
				EditorAssembliesLoaded (0ms)
			ExecutionOrderSort2 (0ms)
			AwakeInstancesAfterBackupRestoration (11ms)
Platform modules already initialized, skipping
Refreshing native plugins compatible for Editor in 0.40 ms, found 3 plugins.
Preloading 0 native plugins for Editor in 0.00 ms.
Unloading 2082 Unused Serialized files (Serialized files now loaded: 0)
System memory in use before: 95.7 MB.
System memory in use after: 95.8 MB.

Unloading 14 unused Assets to reduce memory usage. Loaded Objects now: 2583.
Total: 3.052100 ms (FindLiveObjects: 0.194500 ms CreateObjectMapping: 0.068000 ms MarkObjects: 2.730400 ms  DeleteObjects: 0.058600 ms)

AssetImportParameters requested are different than current active one (requested -> active):
  custom:framework-win-MediaFoundation: 216162199b28c13a410421893ffa2e32 -> 
  custom:video-decoder-ogg-theora: a1e56fd34408186e4bbccfd4996cb3dc -> 
  custom:container-muxer-webm: aa71ff27fc2769a1b78a27578f13a17b -> 
  custom:container-demuxer-webm: 4f35f7cbe854078d1ac9338744f61a02 -> 
  custom:container-demuxer-ogg: 62fdf1f143b41e24485cea50d1cbac27 -> 
  custom:video-encoder-webm-vp8: eb34c28f22e8b96e1ab97ce403110664 -> 
  custom:video-decoder-webm-vp8: 9c59270c3fd7afecdb556c50c9e8de78 -> 
  custom:audio-decoder-ogg-vorbis: bf7c407c2cedff20999df2af8eb42d56 -> 
  custom:audio-encoder-webm-vorbis: bf7c407c2cedff20999df2af8eb42d56 -> 
========================================================================
Received Prepare
Registering precompiled user dll's ...
Registered in 0.003099 seconds.
Begin MonoManager ReloadAssembly
Native extension for WindowsStandalone target not found
Refreshing native plugins compatible for Editor in 0.38 ms, found 3 plugins.
Preloading 0 native plugins for Editor in 0.00 ms.
Mono: successfully reloaded assembly
- Completed reload, in  0.912 seconds
Domain Reload Profiling:
	ReloadAssembly (913ms)
		BeginReloadAssembly (109ms)
			ExecutionOrderSort (0ms)
			DisableScriptedObjects (6ms)
			BackupInstance (0ms)
			ReleaseScriptingObjects (0ms)
			CreateAndSetChildDomain (31ms)
		EndReloadAssembly (744ms)
			LoadAssemblies (91ms)
			RebuildTransferFunctionScriptingTraits (0ms)
			SetupTypeCache (260ms)
			ReleaseScriptCaches (1ms)
			RebuildScriptCaches (35ms)
			SetupLoadedEditorAssemblies (273ms)
				LogAssemblyErrors (0ms)
				InitializePlatformSupportModulesInManaged (5ms)
				SetLoadedEditorAssemblies (1ms)
				RefreshPlugins (0ms)
				BeforeProcessingInitializeOnLoad (71ms)
				ProcessInitializeOnLoadAttributes (183ms)
				ProcessInitializeOnLoadMethodAttributes (5ms)
				AfterProcessingInitializeOnLoad (7ms)
				EditorAssembliesLoaded (0ms)
			ExecutionOrderSort2 (0ms)
			AwakeInstancesAfterBackupRestoration (9ms)
Platform modules already initialized, skipping
Refreshing native plugins compatible for Editor in 0.38 ms, found 3 plugins.
Preloading 0 native plugins for Editor in 0.00 ms.
Unloading 2082 Unused Serialized files (Serialized files now loaded: 0)
System memory in use before: 95.7 MB.
System memory in use after: 95.8 MB.

Unloading 14 unused Assets to reduce memory usage. Loaded Objects now: 2586.
Total: 2.501800 ms (FindLiveObjects: 0.166500 ms CreateObjectMapping: 0.104800 ms MarkObjects: 2.217200 ms  DeleteObjects: 0.012600 ms)

AssetImportParameters requested are different than current active one (requested -> active):
  custom:framework-win-MediaFoundation: 216162199b28c13a410421893ffa2e32 -> 
  custom:video-decoder-ogg-theora: a1e56fd34408186e4bbccfd4996cb3dc -> 
  custom:container-muxer-webm: aa71ff27fc2769a1b78a27578f13a17b -> 
  custom:container-demuxer-webm: 4f35f7cbe854078d1ac9338744f61a02 -> 
  custom:container-demuxer-ogg: 62fdf1f143b41e24485cea50d1cbac27 -> 
  custom:video-encoder-webm-vp8: eb34c28f22e8b96e1ab97ce403110664 -> 
  custom:video-decoder-webm-vp8: 9c59270c3fd7afecdb556c50c9e8de78 -> 
  custom:audio-decoder-ogg-vorbis: bf7c407c2cedff20999df2af8eb42d56 -> 
  custom:audio-encoder-webm-vorbis: bf7c407c2cedff20999df2af8eb42d56 -> 
========================================================================
Received Import Request.
  Time since last request: 385.662239 seconds.
  path: Assets/BrickTexture.png
  artifactKey: Guid(ef0ff7945154f534899b17f2750fe876) Importer(815301076,1909f56bfc062723c751e8b465ee728b)
Start importing Assets/BrickTexture.png using Guid(ef0ff7945154f534899b17f2750fe876) Importer(815301076,1909f56bfc062723c751e8b465ee728b)  -> (artifact id: 'dc48c1232ea191535929a443a03bc7bd') in 0.044204 seconds 
  Import took 0.047004 seconds .

========================================================================
Received Import Request.
  Time since last request: 14.572785 seconds.
  path: Assets/BrickTexture.png
  artifactKey: Guid(ef0ff7945154f534899b17f2750fe876) Importer(815301076,1909f56bfc062723c751e8b465ee728b)
Start importing Assets/BrickTexture.png using Guid(ef0ff7945154f534899b17f2750fe876) Importer(815301076,1909f56bfc062723c751e8b465ee728b)  -> (artifact id: 'adbcabd7bd13a4c3b494deab11791464') in 0.015765 seconds 
  Import took 0.019098 seconds .

========================================================================
Received Prepare
Registering precompiled user dll's ...
Registered in 0.004581 seconds.
Begin MonoManager ReloadAssembly
Native extension for WindowsStandalone target not found
Refreshing native plugins compatible for Editor in 0.42 ms, found 3 plugins.
Preloading 0 native plugins for Editor in 0.00 ms.
Mono: successfully reloaded assembly
- Completed reload, in  0.914 seconds
Domain Reload Profiling:
	ReloadAssembly (915ms)
		BeginReloadAssembly (111ms)
			ExecutionOrderSort (0ms)
			DisableScriptedObjects (6ms)
			BackupInstance (0ms)
			ReleaseScriptingObjects (0ms)
			CreateAndSetChildDomain (30ms)
		EndReloadAssembly (743ms)
			LoadAssemblies (96ms)
			RebuildTransferFunctionScriptingTraits (0ms)
			SetupTypeCache (258ms)
			ReleaseScriptCaches (1ms)
			RebuildScriptCaches (38ms)
			SetupLoadedEditorAssemblies (268ms)
				LogAssemblyErrors (0ms)
				InitializePlatformSupportModulesInManaged (4ms)
				SetLoadedEditorAssemblies (0ms)
				RefreshPlugins (0ms)
				BeforeProcessingInitializeOnLoad (84ms)
				ProcessInitializeOnLoadAttributes (167ms)
				ProcessInitializeOnLoadMethodAttributes (5ms)
				AfterProcessingInitializeOnLoad (7ms)
				EditorAssembliesLoaded (0ms)
			ExecutionOrderSort2 (0ms)
			AwakeInstancesAfterBackupRestoration (9ms)
Platform modules already initialized, skipping
Refreshing native plugins compatible for Editor in 0.39 ms, found 3 plugins.
Preloading 0 native plugins for Editor in 0.00 ms.
Unloading 2082 Unused Serialized files (Serialized files now loaded: 0)
System memory in use before: 95.7 MB.
System memory in use after: 95.8 MB.

Unloading 14 unused Assets to reduce memory usage. Loaded Objects now: 2592.
Total: 2.707100 ms (FindLiveObjects: 0.174900 ms CreateObjectMapping: 0.073600 ms MarkObjects: 2.420100 ms  DeleteObjects: 0.037800 ms)

AssetImportParameters requested are different than current active one (requested -> active):
  custom:framework-win-MediaFoundation: 216162199b28c13a410421893ffa2e32 -> 
  custom:video-decoder-ogg-theora: a1e56fd34408186e4bbccfd4996cb3dc -> 
  custom:container-muxer-webm: aa71ff27fc2769a1b78a27578f13a17b -> 
  custom:container-demuxer-webm: 4f35f7cbe854078d1ac9338744f61a02 -> 
  custom:container-demuxer-ogg: 62fdf1f143b41e24485cea50d1cbac27 -> 
  custom:video-encoder-webm-vp8: eb34c28f22e8b96e1ab97ce403110664 -> 
  custom:video-decoder-webm-vp8: 9c59270c3fd7afecdb556c50c9e8de78 -> 
  custom:audio-decoder-ogg-vorbis: bf7c407c2cedff20999df2af8eb42d56 -> 
  custom:audio-encoder-webm-vorbis: bf7c407c2cedff20999df2af8eb42d56 -> 
AssetImportWorkerClient::OnTransportError - code=2 error=End of file
